<?xml version="1.0" encoding="UTF-8"?>
<testng-results ignored="0" total="3" passed="3" failed="0" skipped="0">
  <reporter-output>
  </reporter-output>
  <suite started-at="2023-02-07T11:31:27 IST" name="Default suite" finished-at="2023-02-07T11:32:52 IST" duration-ms="85152">
    <groups>
    </groups>
    <test started-at="2023-02-07T11:31:27 IST" name="Default test" finished-at="2023-02-07T11:32:52 IST" duration-ms="85152">
      <class name="com.suri.test.Annotations_CRMPro">
        <test-method signature="Loginsession()[pri:0, instance:com.suri.test.Annotations_CRMPro@3febb011]" started-at="2023-02-07T11:31:27 IST" name="Loginsession" finished-at="2023-02-07T11:32:36 IST" duration-ms="68982" status="PASS">
          <reporter-output>
          </reporter-output>
        </test-method> <!-- Loginsession -->
        <test-method signature="calendarBar()[pri:1, instance:com.suri.test.Annotations_CRMPro@3febb011]" started-at="2023-02-07T11:32:36 IST" name="calendarBar" finished-at="2023-02-07T11:32:45 IST" duration-ms="9071" status="PASS">
          <reporter-output>
          </reporter-output>
        </test-method> <!-- calendarBar -->
        <test-method signature="contactbar()[pri:2, instance:com.suri.test.Annotations_CRMPro@3febb011]" started-at="2023-02-07T11:32:45 IST" name="contactbar" finished-at="2023-02-07T11:32:52 IST" duration-ms="7025" status="PASS">
          <reporter-output>
          </reporter-output>
        </test-method> <!-- contactbar -->
      </class> <!-- com.suri.test.Annotations_CRMPro -->
    </test> <!-- Default test -->
  </suite> <!-- Default suite -->
</testng-results>
