<?xml version="1.0" encoding="UTF-8"?>
<testng-results ignored="0" total="2" passed="2" failed="0" skipped="0">
  <reporter-output>
  </reporter-output>
  <suite started-at="2023-01-24T09:05:11Z" name="Default suite" finished-at="2023-01-24T09:05:59Z" duration-ms="48456">
    <groups>
    </groups>
    <test started-at="2023-01-24T09:05:11Z" name="Default test" finished-at="2023-01-24T09:05:59Z" duration-ms="48456">
      <class name="com.crm.qa.testcases.LoginPageTest">
        <test-method is-config="true" signature="setUp()[pri:0, instance:com.crm.qa.testcases.LoginPageTest@514646ef]" started-at="2023-01-24T09:05:11Z" name="setUp" finished-at="2023-01-24T09:05:27Z" duration-ms="15891" status="PASS">
          <reporter-output>
          </reporter-output>
        </test-method> <!-- setUp -->
        <test-method signature="loginPageTitleTest()[pri:1, instance:com.crm.qa.testcases.LoginPageTest@514646ef]" started-at="2023-01-24T09:05:27Z" name="loginPageTitleTest" finished-at="2023-01-24T09:05:27Z" duration-ms="35" status="PASS">
          <reporter-output>
          </reporter-output>
        </test-method> <!-- loginPageTitleTest -->
        <test-method is-config="true" signature="tearDown()[pri:0, instance:com.crm.qa.testcases.LoginPageTest@514646ef]" started-at="2023-01-24T09:05:27Z" name="tearDown" finished-at="2023-01-24T09:05:28Z" duration-ms="1168" status="PASS">
          <reporter-output>
          </reporter-output>
        </test-method> <!-- tearDown -->
        <test-method is-config="true" signature="setUp()[pri:0, instance:com.crm.qa.testcases.LoginPageTest@514646ef]" started-at="2023-01-24T09:05:28Z" name="setUp" finished-at="2023-01-24T09:05:45Z" duration-ms="16715" status="PASS">
          <reporter-output>
          </reporter-output>
        </test-method> <!-- setUp -->
        <test-method signature="loginTest()[pri:3, instance:com.crm.qa.testcases.LoginPageTest@514646ef]" started-at="2023-01-24T09:05:45Z" name="loginTest" finished-at="2023-01-24T09:05:58Z" duration-ms="13352" status="PASS">
          <reporter-output>
          </reporter-output>
        </test-method> <!-- loginTest -->
        <test-method is-config="true" signature="tearDown()[pri:0, instance:com.crm.qa.testcases.LoginPageTest@514646ef]" started-at="2023-01-24T09:05:58Z" name="tearDown" finished-at="2023-01-24T09:05:59Z" duration-ms="1247" status="PASS">
          <reporter-output>
          </reporter-output>
        </test-method> <!-- tearDown -->
      </class> <!-- com.crm.qa.testcases.LoginPageTest -->
    </test> <!-- Default test -->
  </suite> <!-- Default suite -->
</testng-results>
