<?xml version="1.0" encoding="UTF-8"?>
<testsuite xmlns:xsi="http://www.w3.org/2001/XMLSchema-instance" xsi:noNamespaceSchemaLocation="https://maven.apache.org/surefire/maven-surefire-plugin/xsd/surefire-test-report.xsd" name="testRunners.AmazonTest" time="1.021" tests="1" errors="1" skipped="0" failures="0">
  <properties>
[...]
</properties>
  <testcase name="Search a product" classname="Amazon Search" time="0.247">
    <error message="The step &quot;I have a search field on Amazon page&quot; is undefined. You can implement it using the snippet(s) below:&#10;&#10;@Given(&quot;I have a search field on Amazon page&quot;)&#10;public void i_have_a_search_field_on_amazon_page() {&#10;    // Write code here that turns the phrase above into concrete actions&#10;    throw new io.cucumber.java.PendingException();&#10;}&#10;&#10;&#10;Some other steps were also undefined:&#10;&#10;@When(&quot;I search for a product with name {string} and price {int}&quot;)&#10;public void i_search_for_a_product_with_name_and_price(String string, Integer int1) {&#10;    // Write code here that turns the phrase above into concrete actions&#10;    throw new io.cucumber.java.PendingException();&#10;}&#10;@Then(&quot;product with name {string} should be displayed&quot;)&#10;public void product_with_name_should_be_displayed(String string) {&#10;    // Write code here that turns the phrase above into concrete actions&#10;    throw new io.cucumber.java.PendingException();&#10;}&#10;" type="io.cucumber.junit.UndefinedStepException">io.cucumber.junit.UndefinedStepException: 
The step "I have a search field on Amazon page" is undefined. You can implement it using the snippet(s) below:

@Given("I have a search field on Amazon page")
public void i_have_a_search_field_on_amazon_page() {
    // Write code here that turns the phrase above into concrete actions
    throw new io.cucumber.java.PendingException();
}


Some other steps were also undefined:

@When("I search for a product with name {string} and price {int}")
public void i_search_for_a_product_with_name_and_price(String string, Integer int1) {
    // Write code here that turns the phrase above into concrete actions
    throw new io.cucumber.java.PendingException();
}
@Then("product with name {string} should be displayed")
public void product_with_name_should_be_displayed(String string) {
    // Write code here that turns the phrase above into concrete actions
    throw new io.cucumber.java.PendingException();
}

</error>
  </testcase>
</testsuite>