<?xml version="1.0" encoding="UTF-8"?>
<!-- Generated by org.testng.reporters.JUnitXMLReporter -->
<testsuite ignored="0" hostname="ISCHLAPHP21507" failures="0" tests="3" name="Default test" time="85.152" errors="0" timestamp="2023-02-07T11:32:52 IST">
  <testcase classname="com.suri.test.Annotations_CRMPro" name="Loginsession" time="68.982"/>
  <testcase classname="com.suri.test.Annotations_CRMPro" name="calendarBar" time="9.071"/>
  <testcase classname="com.suri.test.Annotations_CRMPro" name="contactbar" time="7.025"/>
</testsuite> <!-- Default test -->
