<?xml version="1.0" encoding="UTF-8"?>
<!-- Generated by org.testng.reporters.JUnitXMLReporter -->
<testsuite ignored="0" hostname="ISCHLAPHP21507" failures="0" tests="3" name="Default test" time="34.767" errors="0" timestamp="2023-02-01T17:36:08 IST">
  <testcase classname="com.suri.test.Annotations_CRMPro" name="Loginsession" time="20.783"/>
  <testcase classname="com.suri.test.Annotations_CRMPro" name="calendarBar" time="7.827"/>
  <testcase classname="com.suri.test.Annotations_CRMPro" name="contactbar" time="6.075"/>
</testsuite> <!-- Default test -->
