<?xml version="1.0" encoding="UTF-8"?>
<!-- Generated by org.testng.reporters.JUnitXMLReporter -->
<testsuite ignored="1" hostname="ISCHLAPHP21507" failures="0" tests="1" name="facebook" time="13.362" errors="0" timestamp="2022-12-05T12:40:34 IST">
  <testcase classname="com.suri.test.EnableAndDesable" name="facebook" time="13.314"/>
  <testcase classname="com.suri.test.EnableAndDesable" name="TestGoogle" time="0.0">
    <ignored/>
  </testcase> <!-- TestGoogle -->
</testsuite> <!-- facebook -->
