<?xml version="1.0" encoding="UTF-8"?>
<!-- Generated by org.testng.reporters.JUnitXMLReporter -->
<testsuite ignored="2" hostname="ISCHLAPHP21507" failures="0" tests="0" time="0.027" errors="0" timestamp="2022-12-05T12:40:21 IST">
  <testcase classname="com.suri.test.EnableAndDesable" name="facebook" time="0.0">
    <ignored/>
  </testcase> <!-- facebook -->
  <testcase classname="com.suri.test.EnableAndDesable" name="TestGoogle" time="0.0">
    <ignored/>
  </testcase> <!-- TestGoogle -->
</testsuite>
