<?xml version="1.0" encoding="UTF-8"?>
<!-- Generated by org.testng.reporters.JUnitXMLReporter -->
<testsuite ignored="1" hostname="ISCHLAPHP21507" failures="0" tests="2" name="Test" time="0.091" errors="0" timestamp="2022-12-05T12:37:41 IST">
  <testcase classname="com.suri.test.GroupingExample3" name="y" time="0.016"/>
  <testcase classname="com.suri.test.GroupingExample3" name="z" time="0.002"/>
  <testcase classname="com.suri.test.GroupingExample3" name="x" time="0.0">
    <ignored/>
  </testcase> <!-- x -->
</testsuite> <!-- Test -->
